Everything up-to-date
[main 3af67c45] update 2026-05-28 23:52:02
 8 files changed, 11 insertions(+)
To https://github.com/jwonchi/IsNginxLive.git
   6d1baf20..3af67c45  main -> main
[main 5e302d11] update 2026-05-28 23:53:02
 8 files changed, 15 insertions(+)
To https://github.com/jwonchi/IsNginxLive.git
   3af67c45..5e302d11  main -> main
[main b3235372] update 2026-05-28 23:54:01
 8 files changed, 16 insertions(+)
To https://github.com/jwonchi/IsNginxLive.git
   5e302d11..b3235372  main -> main
[main e6516897] update 2026-05-29 00:39:01
 15 files changed, 1247 insertions(+), 7 deletions(-)
To https://github.com/jwonchi/IsNginxLive.git
   e2b80ff7..e6516897  main -> main
[main 521327bd] update 2026-05-29 00:40:02
 9 files changed, 150 insertions(+)
To https://github.com/jwonchi/IsNginxLive.git
   e6516897..521327bd  main -> main
[main ca7fe620] update 2026-05-29 00:41:01
 9 files changed, 19 insertions(+)
To https://github.com/jwonchi/IsNginxLive.git
   521327bd..ca7fe620  main -> main
[main f87e6ac6] update 2026-05-29 00:42:01
 8 files changed, 11 insertions(+)
To https://github.com/jwonchi/IsNginxLive.git
   ca7fe620..f87e6ac6  main -> main
[main e42f2b77] update 2026-05-29 00:45:02
 9 files changed, 16 insertions(+)
To https://github.com/jwonchi/IsNginxLive.git
   f87e6ac6..e42f2b77  main -> main
[main 06b5c4d2] update 2026-05-29 00:50:02
 9 files changed, 292 insertions(+)
To https://github.com/jwonchi/IsNginxLive.git
   e42f2b77..06b5c4d2  main -> main
